#
# A fatal error has been detected by the Java Runtime Environment:
#
#  EXCEPTION_ACCESS_VIOLATION (0xc0000005) at pc=0x00b50248, pid=2688, tid=6108
#
# JRE version: Java(TM) SE Runtime Environment (7.0_71-b14) (build 1.7.0_71-b14)
# Java VM: Java HotSpot(TM) Client VM (24.71-b01 mixed mode windows-x86 )
# Problematic frame:
# C  0x00b50248
#
# Failed to write core dump. Minidumps are not enabled by default on client versions of Windows
#
# If you would like to submit a bug report, please visit:
#   http://bugreport.sun.com/bugreport/crash.jsp
# The crash happened outside the Java Virtual Machine in native code.
# See problematic frame for where to report the bug.
#

---------------  T H R E A D  ---------------

Current thread (0x17f82800):  JavaThread "LWJGL Application" [_thread_in_native, id=6108, stack(0x189e0000,0x18a30000)]

siginfo: ExceptionCode=0xc0000005, ExceptionInformation=0x00000008 0x00b50248

Registers:
EAX=0x00b50248, EBX=0x1b9153d0, ECX=0x1b91d460, EDX=0xffffffff
ESP=0x18a2f8ac, EBP=0x18a2f8d8, ESI=0x18a2f924, EDI=0x1b8f7720
EIP=0x00b50248, EFLAGS=0x00010202

Top of Stack: (sp=0x18a2f8ac)
0x18a2f8ac:   1bdefb39 1b8f7720 6d9096b3 6dafbcb0
0x18a2f8bc:   17fda840 00000025 00000000 0000000e
0x18a2f8cc:   1b9119e8 1b9153d0 1b8f7720 18a2f908
0x18a2f8dc:   1bdee9ca 1b8f7720 1b9119e8 18a2f924
0x18a2f8ec:   18a2f930 01c10541 18a2f908 6d8a0048
0x18a2f8fc:   14269eb8 14269eb8 17f82800 18a2f948
0x18a2f90c:   1bdf57dc 18a2f924 00000026 18a2f940
0x18a2f91c:   18a2f92c 6d860504 1b91d460 00000000 

Instructions: (pc=0x00b50248)
0x00b50228:   04 00 00 00 00 00 00 00 00 00 00 00 f8 f9 05 00
0x00b50238:   f0 e6 05 00 04 00 00 00 00 e0 0f 00 00 00 00 00
0x00b50248:   20 c2 8d 77 ff ff ff ff 00 00 00 00 00 00 00 00
0x00b50258:   00 00 00 00 d0 07 00 02 98 39 b5 00 80 00 00 00 


Register to memory mapping:

EAX=0x00b50248 is an unknown value
EBX=0x1b9153d0 is an unknown value
ECX=0x1b91d460 is an unknown value
EDX=0xffffffff is an unknown value
ESP=0x18a2f8ac is pointing into the stack for thread: 0x17f82800
EBP=0x18a2f8d8 is pointing into the stack for thread: 0x17f82800
ESI=0x18a2f924 is pointing into the stack for thread: 0x17f82800
EDI=0x1b8f7720 is an unknown value


Stack: [0x189e0000,0x18a30000],  sp=0x18a2f8ac,  free space=318k
Native frames: (J=compiled Java code, j=interpreted, Vv=VM code, C=native code)
C  0x00b50248
C  [gdx-box2d.dll+0x1e9ca]
C  [gdx-box2d.dll+0x257dc]
j  com.badlogic.gdx.physics.box2d.Body.jniCreateFixture(JJFFFZSSS)J+0
j  com.badlogic.gdx.physics.box2d.Body.createFixture(Lcom/badlogic/gdx/physics/box2d/FixtureDef;)Lcom/badlogic/gdx/physics/box2d/Fixture;+49
j  com.haki.loh.entities.TestEnemy.createBody()V+125
j  com.haki.loh.entities.TestEnemy.<init>(Lcom/haki/loh/gametates/GameState;)V+35
j  com.haki.loh.gametates.Play.<init>(Lcom/haki/loh/handlers/GameStateManager;)V+74
j  com.haki.loh.handlers.GameStateManager.getGameState(I)Lcom/haki/loh/gametates/GameState;+26
j  com.haki.loh.handlers.GameStateManager.pushState(I)V+6
j  com.haki.loh.handlers.GameStateManager.<init>(Lcom/haki/loh/main/Game;)V+23
j  com.haki.loh.main.Game.create()V+78
j  com.badlogic.gdx.backends.lwjgl.LwjglApplication.mainLoop()V+29
j  com.badlogic.gdx.backends.lwjgl.LwjglApplication$1.run()V+27
v  ~StubRoutines::call_stub
V  [jvm.dll+0x141eda]
V  [jvm.dll+0x2061ee]
V  [jvm.dll+0x1420a5]
V  [jvm.dll+0x142107]
V  [jvm.dll+0xed11f]
V  [jvm.dll+0x16324c]
V  [jvm.dll+0x163ca7]
V  [jvm.dll+0x1a80f9]
C  [msvcr100.dll+0x5c556]
C  [msvcr100.dll+0x5c600]
C  [KERNEL32.DLL+0x17ad]
C  [ntdll.dll+0x561bb]
C  [ntdll.dll+0x56189]

Java frames: (J=compiled Java code, j=interpreted, Vv=VM code)
j  com.badlogic.gdx.physics.box2d.Body.jniCreateFixture(JJFFFZSSS)J+0
j  com.badlogic.gdx.physics.box2d.Body.createFixture(Lcom/badlogic/gdx/physics/box2d/FixtureDef;)Lcom/badlogic/gdx/physics/box2d/Fixture;+49
j  com.haki.loh.entities.TestEnemy.createBody()V+125
j  com.haki.loh.entities.TestEnemy.<init>(Lcom/haki/loh/gametates/GameState;)V+35
j  com.haki.loh.gametates.Play.<init>(Lcom/haki/loh/handlers/GameStateManager;)V+74
j  com.haki.loh.handlers.GameStateManager.getGameState(I)Lcom/haki/loh/gametates/GameState;+26
j  com.haki.loh.handlers.GameStateManager.pushState(I)V+6
j  com.haki.loh.handlers.GameStateManager.<init>(Lcom/haki/loh/main/Game;)V+23
j  com.haki.loh.main.Game.create()V+78
j  com.badlogic.gdx.backends.lwjgl.LwjglApplication.mainLoop()V+29
j  com.badlogic.gdx.backends.lwjgl.LwjglApplication$1.run()V+27
v  ~StubRoutines::call_stub

---------------  P R O C E S S  ---------------

Java Threads: ( => current thread )
  0x01a3c400 JavaThread "DestroyJavaVM" [_thread_blocked, id=916, stack(0x019c0000,0x01a10000)]
=>0x17f82800 JavaThread "LWJGL Application" [_thread_in_native, id=6108, stack(0x189e0000,0x18a30000)]
  0x17e6b000 JavaThread "Service Thread" daemon [_thread_blocked, id=5704, stack(0x18140000,0x18190000)]
  0x17e69800 JavaThread "C1 CompilerThread0" daemon [_thread_blocked, id=2516, stack(0x180f0000,0x18140000)]
  0x17e66c00 JavaThread "Attach Listener" daemon [_thread_blocked, id=5712, stack(0x180a0000,0x180f0000)]
  0x01b7e800 JavaThread "Signal Dispatcher" daemon [_thread_blocked, id=1316, stack(0x18050000,0x180a0000)]
  0x01b79800 JavaThread "Finalizer" daemon [_thread_blocked, id=3548, stack(0x17e00000,0x17e50000)]
  0x01b74800 JavaThread "Reference Handler" daemon [_thread_blocked, id=6124, stack(0x03db0000,0x03e00000)]

Other Threads:
  0x01b71800 VMThread [stack: 0x03d60000,0x03db0000] [id=788]
  0x17e83800 WatcherThread [stack: 0x18190000,0x181e0000] [id=5512]

VM state:not at safepoint (normal execution)

VM Mutex/Monitor currently owned by a thread: None

Heap
 def new generation   total 4928K, used 1584K [0x03e00000, 0x04350000, 0x09350000)
  eden space 4416K,  24% used [0x03e00000, 0x03f0c270, 0x04250000)
  from space 512K, 100% used [0x042d0000, 0x04350000, 0x04350000)
  to   space 512K,   0% used [0x04250000, 0x04250000, 0x042d0000)
 tenured generation   total 10944K, used 2466K [0x09350000, 0x09e00000, 0x13e00000)
   the space 10944K,  22% used [0x09350000, 0x095b8900, 0x095b8a00, 0x09e00000)
 compacting perm gen  total 12288K, used 4637K [0x13e00000, 0x14a00000, 0x17e00000)
   the space 12288K,  37% used [0x13e00000, 0x142876c0, 0x14287800, 0x14a00000)
No shared spaces configured.

Card table byte_map: [0x03c80000,0x03d30000] byte_map_base: 0x03c61000

Polling page: 0x01a20000

Code Cache  [0x01c00000, 0x01ce0000, 0x03c00000)
 total_blobs=421 nmethods=141 adapters=217 free_code_cache=31903Kb largest_free_block=32669184

Compilation events (10 events):
Event: 1.917 Thread 0x17e69800  137             java.lang.String::equalsIgnoreCase (48 bytes)
Event: 1.917 Thread 0x17e69800 nmethod 137 0x01cd6b08 code [0x01cd6c10, 0x01cd6d1c]
Event: 1.919 Thread 0x17e69800  138             java.nio.CharBuffer::<init> (22 bytes)
Event: 1.919 Thread 0x17e69800 nmethod 138 0x01cd6f88 code [0x01cd7080, 0x01cd714c]
Event: 1.920 Thread 0x17e69800  139             java.lang.String::trim (77 bytes)
Event: 1.920 Thread 0x17e69800 nmethod 139 0x01cd71c8 code [0x01cd72d0, 0x01cd740c]
Event: 2.041 Thread 0x17e69800  140             com.badlogic.gdx.utils.Array::get (54 bytes)
Event: 2.042 Thread 0x17e69800 nmethod 140 0x01cd7508 code [0x01cd7660, 0x01cd7948]
Event: 2.042 Thread 0x17e69800  141             com.badlogic.gdx.graphics.g2d.TextureAtlas::createSprites (68 bytes)
Event: 2.043 Thread 0x17e69800 nmethod 141 0x01cd7c08 code [0x01cd7d40, 0x01cd7f90]

GC Heap History (6 events):
Event: 1.038 GC heap before
{Heap before GC invocations=0 (full 0):
 def new generation   total 4928K, used 4416K [0x03e00000, 0x04350000, 0x09350000)
  eden space 4416K, 100% used [0x03e00000, 0x04250000, 0x04250000)
  from space 512K,   0% used [0x04250000, 0x04250000, 0x042d0000)
  to   space 512K,   0% used [0x042d0000, 0x042d0000, 0x04350000)
 tenured generation   total 10944K, used 0K [0x09350000, 0x09e00000, 0x13e00000)
   the space 10944K,   0% used [0x09350000, 0x09350000, 0x09350200, 0x09e00000)
 compacting perm gen  total 12288K, used 2884K [0x13e00000, 0x14a00000, 0x17e00000)
   the space 12288K,  23% used [0x13e00000, 0x140d1068, 0x140d1200, 0x14a00000)
No shared spaces configured.
Event: 1.046 GC heap after
Heap after GC invocations=1 (full 0):
 def new generation   total 4928K, used 512K [0x03e00000, 0x04350000, 0x09350000)
  eden space 4416K,   0% used [0x03e00000, 0x03e00000, 0x04250000)
  from space 512K, 100% used [0x042d0000, 0x04350000, 0x04350000)
  to   space 512K,   0% used [0x04250000, 0x04250000, 0x042d0000)
 tenured generation   total 10944K, used 597K [0x09350000, 0x09e00000, 0x13e00000)
   the space 10944K,   5% used [0x09350000, 0x093e54c8, 0x093e5600, 0x09e00000)
 compacting perm gen  total 12288K, used 2884K [0x13e00000, 0x14a00000, 0x17e00000)
   the space 12288K,  23% used [0x13e00000, 0x140d1068, 0x140d1200, 0x14a00000)
No shared spaces configured.
}
Event: 1.591 GC heap before
{Heap before GC invocations=1 (full 0):
 def new generation   total 4928K, used 4928K [0x03e00000, 0x04350000, 0x09350000)
  eden space 4416K, 100% used [0x03e00000, 0x04250000, 0x04250000)
  from space 512K, 100% used [0x042d0000, 0x04350000, 0x04350000)
  to   space 512K,   0% used [0x04250000, 0x04250000, 0x042d0000)
 tenured generation   total 10944K, used 597K [0x09350000, 0x09e00000, 0x13e00000)
   the space 10944K,   5% used [0x09350000, 0x093e54c8, 0x093e5600, 0x09e00000)
 compacting perm gen  total 12288K, used 4142K [0x13e00000, 0x14a00000, 0x17e00000)
   the space 12288K,  33% used [0x13e00000, 0x1420bbb8, 0x1420bc00, 0x14a00000)
No shared spaces configured.
Event: 1.602 GC heap after
Heap after GC invocations=2 (full 0):
 def new generation   total 4928K, used 512K [0x03e00000, 0x04350000, 0x09350000)
  eden space 4416K,   0% used [0x03e00000, 0x03e00000, 0x04250000)
  from space 512K, 100% used [0x04250000, 0x042d0000, 0x042d0000)
  to   space 512K,   0% used [0x042d0000, 0x042d0000, 0x04350000)
 tenured generation   total 10944K, used 1807K [0x09350000, 0x09e00000, 0x13e00000)
   the space 10944K,  16% used [0x09350000, 0x09513d98, 0x09513e00, 0x09e00000)
 compacting perm gen  total 12288K, used 4142K [0x13e00000, 0x14a00000, 0x17e00000)
   the space 12288K,  33% used [0x13e00000, 0x1420bbb8, 0x1420bc00, 0x14a00000)
No shared spaces configured.
}
Event: 1.931 GC heap before
{Heap before GC invocations=2 (full 0):
 def new generation   total 4928K, used 4368K [0x03e00000, 0x04350000, 0x09350000)
  eden space 4416K,  87% used [0x03e00000, 0x041c40f8, 0x04250000)
  from space 512K, 100% used [0x04250000, 0x042d0000, 0x042d0000)
  to   space 512K,   0% used [0x042d0000, 0x042d0000, 0x04350000)
 tenured generation   total 10944K, used 1807K [0x09350000, 0x09e00000, 0x13e00000)
   the space 10944K,  16% used [0x09350000, 0x09513d98, 0x09513e00, 0x09e00000)
 compacting perm gen  total 12288K, used 4631K [0x13e00000, 0x14a00000, 0x17e00000)
   the space 12288K,  37% used [0x13e00000, 0x14285fc0, 0x14286000, 0x14a00000)
No shared spaces configured.
Event: 1.938 GC heap after
Heap after GC invocations=3 (full 0):
 def new generation   total 4928K, used 512K [0x03e00000, 0x04350000, 0x09350000)
  eden space 4416K,   0% used [0x03e00000, 0x03e00000, 0x04250000)
  from space 512K, 100% used [0x042d0000, 0x04350000, 0x04350000)
  to   space 512K,   0% used [0x04250000, 0x04250000, 0x042d0000)
 tenured generation   total 10944K, used 2466K [0x09350000, 0x09e00000, 0x13e00000)
   the space 10944K,  22% used [0x09350000, 0x095b8900, 0x095b8a00, 0x09e00000)
 compacting perm gen  total 12288K, used 4631K [0x13e00000, 0x14a00000, 0x17e00000)
   the space 12288K,  37% used [0x13e00000, 0x14285fc0, 0x14286000, 0x14a00000)
No shared spaces configured.
}

Deoptimization events (0 events):
No events

Internal exceptions (10 events):
Event: 1.911 Thread 0x17f82800 Threw 0x04150460 at C:\re\jdk7u71\1605\hotspot\src\share\vm\prims\jvm.cpp:1281
Event: 1.912 Thread 0x17f82800 Threw 0x04156ef0 at C:\re\jdk7u71\1605\hotspot\src\share\vm\prims\jvm.cpp:1281
Event: 1.913 Thread 0x17f82800 Threw 0x0415b260 at C:\re\jdk7u71\1605\hotspot\src\share\vm\prims\jvm.cpp:1281
Event: 1.916 Thread 0x17f82800 Threw 0x041697e0 at C:\re\jdk7u71\1605\hotspot\src\share\vm\prims\jvm.cpp:1281
Event: 1.917 Thread 0x17f82800 Threw 0x0416e540 at C:\re\jdk7u71\1605\hotspot\src\share\vm\prims\jvm.cpp:1281
Event: 1.921 Thread 0x17f82800 Threw 0x0419a1e8 at C:\re\jdk7u71\1605\hotspot\src\share\vm\prims\jvm.cpp:1281
Event: 1.923 Thread 0x17f82800 Threw 0x0419e6d0 at C:\re\jdk7u71\1605\hotspot\src\share\vm\prims\jvm.cpp:1281
Event: 1.925 Thread 0x17f82800 Threw 0x041a9b98 at C:\re\jdk7u71\1605\hotspot\src\share\vm\prims\jvm.cpp:1281
Event: 2.043 Thread 0x17f82800 Threw 0x03ee89d0 at C:\re\jdk7u71\1605\hotspot\src\share\vm\prims\jvm.cpp:1281
Event: 2.044 Thread 0x17f82800 Threw 0x03eec590 at C:\re\jdk7u71\1605\hotspot\src\share\vm\prims\jvm.cpp:1281

Events (10 events):
Event: 1.923 loading class 0x1b503e20
Event: 1.923 loading class 0x1b503e20 done
Event: 1.925 loading class 0x1b503d78
Event: 1.925 loading class 0x1b503d78 done
Event: 1.931 Executing VM operation: GenCollectForAllocation
Event: 1.939 Executing VM operation: GenCollectForAllocation done
Event: 2.042 loading class 0x17fcaa60
Event: 2.042 loading class 0x17fcaa60 done
Event: 2.044 loading class 0x17fda2c8
Event: 2.044 loading class 0x17fda2c8 done


Dynamic libraries:
0x009a0000 - 0x009cf000 	C:\Program Files\Java\jre7\bin\javaw.exe
0x777e0000 - 0x77949000 	C:\WINDOWS\SYSTEM32\ntdll.dll
0x767c0000 - 0x768b9000 	C:\WINDOWS\system32\KERNEL32.DLL
0x754e0000 - 0x755b2000 	C:\WINDOWS\system32\KERNELBASE.dll
0x74020000 - 0x740b9000 	C:\WINDOWS\system32\apphelp.dll
0x78140000 - 0x78399000 	C:\WINDOWS\AppPatch\AcGenral.DLL
0x776c0000 - 0x7777e000 	C:\WINDOWS\system32\msvcrt.dll
0x77680000 - 0x776be000 	C:\WINDOWS\SYSTEM32\sechost.dll
0x75080000 - 0x750a2000 	C:\WINDOWS\SYSTEM32\SspiCli.dll
0x77290000 - 0x772d1000 	C:\WINDOWS\system32\SHLWAPI.dll
0x74290000 - 0x74371000 	C:\WINDOWS\SYSTEM32\UxTheme.dll
0x76a90000 - 0x76bdb000 	C:\WINDOWS\system32\USER32.dll
0x76ce0000 - 0x76de9000 	C:\WINDOWS\system32\GDI32.dll
0x6c600000 - 0x6c620000 	C:\WINDOWS\SYSTEM32\WINMM.dll
0x707b0000 - 0x707c2000 	C:\WINDOWS\SYSTEM32\samcli.dll
0x77180000 - 0x7728c000 	C:\WINDOWS\system32\ole32.dll
0x77010000 - 0x770a5000 	C:\WINDOWS\system32\OLEAUT32.dll
0x65240000 - 0x65255000 	C:\WINDOWS\SYSTEM32\MSACM32.dll
0x6e6b0000 - 0x6e6b8000 	C:\WINDOWS\SYSTEM32\VERSION.dll
0x75600000 - 0x767b7000 	C:\WINDOWS\system32\SHELL32.dll
0x74d10000 - 0x74d29000 	C:\WINDOWS\SYSTEM32\USERENV.dll
0x739a0000 - 0x739b8000 	C:\WINDOWS\SYSTEM32\dwmapi.dll
0x6f4e0000 - 0x6f62a000 	C:\WINDOWS\SYSTEM32\urlmon.dll
0x772e0000 - 0x77358000 	C:\WINDOWS\system32\ADVAPI32.dll
0x6e650000 - 0x6e6ae000 	C:\WINDOWS\SYSTEM32\WINSPOOL.DRV
0x6b260000 - 0x6b274000 	C:\WINDOWS\SYSTEM32\MPR.dll
0x770b0000 - 0x77174000 	C:\WINDOWS\system32\RPCRT4.dll
0x768c0000 - 0x76a0e000 	C:\WINDOWS\SYSTEM32\combase.dll
0x6c5e0000 - 0x6c600000 	C:\WINDOWS\SYSTEM32\WINMMBASE.dll
0x75200000 - 0x7520e000 	C:\WINDOWS\SYSTEM32\profapi.dll
0x6f2a0000 - 0x6f4d2000 	C:\WINDOWS\SYSTEM32\iertutil.dll
0x6f0c0000 - 0x6f295000 	C:\WINDOWS\SYSTEM32\WININET.dll
0x75310000 - 0x7534a000 	C:\WINDOWS\SYSTEM32\cfgmgr32.dll
0x743c0000 - 0x743df000 	C:\WINDOWS\SYSTEM32\DEVOBJ.dll
0x77370000 - 0x773e6000 	C:\WINDOWS\system32\SHCORE.DLL
0x76f80000 - 0x76fa5000 	C:\WINDOWS\system32\IMM32.DLL
0x76be0000 - 0x76cd7000 	C:\WINDOWS\system32\MSCTF.dll
0x73210000 - 0x733f6000 	C:\WINDOWS\WinSxS\x86_microsoft.windows.common-controls_6595b64144ccf1df_6.0.9600.17031_none_a9efdb8b01377ea7\COMCTL32.dll
0x5d360000 - 0x5d41f000 	C:\Program Files\Java\jre7\bin\msvcr100.dll
0x6d850000 - 0x6dbd9000 	C:\Program Files\Java\jre7\bin\client\jvm.dll
0x5d180000 - 0x5d188000 	C:\WINDOWS\SYSTEM32\WSOCK32.dll
0x76df0000 - 0x76df6000 	C:\WINDOWS\system32\PSAPI.DLL
0x77630000 - 0x7767d000 	C:\WINDOWS\system32\WS2_32.dll
0x77360000 - 0x77367000 	C:\WINDOWS\system32\NSI.dll
0x6dc20000 - 0x6dc2c000 	C:\Program Files\Java\jre7\bin\verify.dll
0x65b30000 - 0x65b50000 	C:\Program Files\Java\jre7\bin\java.dll
0x65b10000 - 0x65b23000 	C:\Program Files\Java\jre7\bin\zip.dll
0x6cec0000 - 0x6cf33000 	C:\Users\Andre Vicencio M\AppData\Local\Temp\libgdxAndre Vicencio M\cd583e81\gdx.dll
0x74d30000 - 0x74d48000 	C:\WINDOWS\SYSTEM32\CRYPTSP.dll
0x74910000 - 0x7493f000 	C:\WINDOWS\system32\rsaenh.dll
0x74ec0000 - 0x74edf000 	C:\WINDOWS\SYSTEM32\bcrypt.dll
0x750b0000 - 0x75102000 	C:\WINDOWS\system32\bcryptprimitives.dll
0x75110000 - 0x75119000 	C:\WINDOWS\SYSTEM32\CRYPTBASE.dll
0x656d0000 - 0x656e4000 	C:\Program Files\Java\jre7\bin\net.dll
0x74ca0000 - 0x74ce5000 	C:\WINDOWS\system32\mswsock.dll
0x710d0000 - 0x710ee000 	C:\WINDOWS\SYSTEM32\IPHLPAPI.DLL
0x710c0000 - 0x710c8000 	C:\WINDOWS\SYSTEM32\WINNSI.DLL
0x70b70000 - 0x70b82000 	C:\WINDOWS\SYSTEM32\dhcpcsvc6.DLL
0x70d20000 - 0x70d33000 	C:\WINDOWS\SYSTEM32\dhcpcsvc.DLL
0x6dc00000 - 0x6dc0f000 	C:\Program Files\Java\jre7\bin\nio.dll
0x184c0000 - 0x1850f000 	C:\Users\Andre Vicencio M\AppData\Local\Temp\libgdxAndre Vicencio M\68069333\lwjgl.dll
0x57dc0000 - 0x57e94000 	C:\WINDOWS\SYSTEM32\OPENGL32.dll
0x63570000 - 0x63594000 	C:\WINDOWS\SYSTEM32\GLU32.dll
0x779e0000 - 0x77ac7000 	C:\WINDOWS\SYSTEM32\DDRAW.dll
0x70840000 - 0x70847000 	C:\WINDOWS\SYSTEM32\DCIMAN32.dll
0x18510000 - 0x18575000 	C:\Users\ANDREV~1\AppData\Local\Temp\libgdxAndre Vicencio M\68069333\OpenAL32.dll
0x743f0000 - 0x743f9000 	C:\WINDOWS\SYSTEM32\kernel.appcore.dll
0x6fe30000 - 0x6fe9b000 	C:\Program Files\Common Files\microsoft shared\ink\tiptsf.dll
0x76a10000 - 0x76a8d000 	C:\WINDOWS\SYSTEM32\clbcatq.dll
0x5f700000 - 0x5f779000 	C:\WINDOWS\SYSTEM32\dsound.dll
0x751b0000 - 0x751ee000 	C:\WINDOWS\SYSTEM32\POWRPROF.dll
0x72d90000 - 0x72dda000 	C:\WINDOWS\System32\MMDevApi.dll
0x6beb0000 - 0x6bf10000 	C:\WINDOWS\SYSTEM32\AUDIOSES.DLL
0x72870000 - 0x728b8000 	C:\WINDOWS\SYSTEM32\oleacc.dll
0x18ac0000 - 0x190b1000 	C:\WINDOWS\SYSTEM32\ig7icd32.dll
0x72de0000 - 0x73146000 	C:\WINDOWS\SYSTEM32\igdusc32.dll
0x5d4f0000 - 0x5d567000 	C:\WINDOWS\SYSTEM32\mscms.dll
0x5d4b0000 - 0x5d4eb000 	C:\WINDOWS\SYSTEM32\icm32.dll
0x1bdd0000 - 0x1be62000 	C:\Users\Andre Vicencio M\AppData\Local\Temp\libgdxAndre Vicencio M\5f476b52\gdx-box2d.dll
0x606e0000 - 0x60828000 	C:\WINDOWS\SYSTEM32\dbghelp.dll

VM Arguments:
jvm_args: -Dfile.encoding=Cp1252 
java_command: com.me.mygdxgame.Main
Launcher Type: SUN_STANDARD

Environment Variables:
PATH=C:/Program Files/Java/jre7/bin/client;C:/Program Files/Java/jre7/bin;C:/Program Files/Java/jre7/lib/i386;C:\Program Files\Intel\TXE Components\TCS\;C:\WINDOWS\system32;C:\WINDOWS;C:\WINDOWS\System32\Wbem;C:\WINDOWS\System32\WindowsPowerShell\v1.0\;C:\Program Files\Intel\TXE Components\DAL\;C:\Program Files\Intel\TXE Components\IPT\;C:\Program Files\eclipse;
USERNAME=Andre Vicencio M
OS=Windows_NT
PROCESSOR_IDENTIFIER=x86 Family 6 Model 55 Stepping 3, GenuineIntel



---------------  S Y S T E M  ---------------

OS: Windows 8.1 Build 9600 

CPU:total 4 (4 cores per cpu, 1 threads per core) family 6 model 55 stepping 3, cmov, cx8, fxsr, mmx, sse, sse2, sse3, ssse3, sse4.1, sse4.2, popcnt, aes, erms, tsc, tscinvbit

Memory: 4k page, physical 1994544k(614772k free), swap 3305264k(1243152k free)

vm_info: Java HotSpot(TM) Client VM (24.71-b01) for windows-x86 JRE (1.7.0_71-b14), built on Sep 26 2014 16:30:49 by "java_re" with unknown MS VC++:1600

time: Thu Mar 05 11:42:48 2015
elapsed time: 2 seconds

