#
# A fatal error has been detected by the Java Runtime Environment:
#
#  EXCEPTION_ACCESS_VIOLATION (0xc0000005) at pc=0x00eb0248, pid=7368, tid=7440
#
# JRE version: Java(TM) SE Runtime Environment (7.0_71-b14) (build 1.7.0_71-b14)
# Java VM: Java HotSpot(TM) Client VM (24.71-b01 mixed mode windows-x86 )
# Problematic frame:
# C  0x00eb0248
#
# Failed to write core dump. Minidumps are not enabled by default on client versions of Windows
#
# If you would like to submit a bug report, please visit:
#   http://bugreport.sun.com/bugreport/crash.jsp
# The crash happened outside the Java Virtual Machine in native code.
# See problematic frame for where to report the bug.
#

---------------  T H R E A D  ---------------

Current thread (0x183b4000):  JavaThread "LWJGL Application" [_thread_in_native, id=7440, stack(0x18d60000,0x18db0000)]

siginfo: ExceptionCode=0xc0000005, ExceptionInformation=0x00000008 0x00eb0248

Registers:
EAX=0x00eb0248, EBX=0x1be974c8, ECX=0x1be9f558, EDX=0xffffffff
ESP=0x18daf18c, EBP=0x18daf1b8, ESI=0x18daf204, EDI=0x1be7a040
EIP=0x00eb0248, EFLAGS=0x00010206

Top of Stack: (sp=0x18daf18c)
0x18daf18c:   6e65fb39 1be7a040 558896b3 55a7bcb0
0x18daf19c:   1ba40fc8 00000025 00000000 0000000e
0x18daf1ac:   1be93ae0 1be974c8 1be7a040 18daf1e8
0x18daf1bc:   6e65e9ca 1be7a040 1be93ae0 18daf204
0x18daf1cc:   18daf210 020077b1 18daf1e8 55820048
0x18daf1dc:   1467cc88 1467cc88 183b4000 18daf228
0x18daf1ec:   6e6657dc 18daf204 00000026 18daf220
0x18daf1fc:   18daf20c 557e0504 1be9f558 00000000 

Instructions: (pc=0x00eb0248)
0x00eb0228:   04 00 00 00 00 00 00 00 00 00 00 00 68 3a 06 00
0x00eb0238:   60 27 06 00 04 00 00 00 00 e0 0f 00 00 00 00 00
0x00eb0248:   20 c2 a7 77 ff ff ff ff 00 00 00 00 00 00 00 00
0x00eb0258:   00 00 00 00 d0 07 00 02 98 39 eb 00 80 00 00 00 


Register to memory mapping:

EAX=0x00eb0248 is an unknown value
EBX=0x1be974c8 is an unknown value
ECX=0x1be9f558 is an unknown value
EDX=0xffffffff is an unknown value
ESP=0x18daf18c is pointing into the stack for thread: 0x183b4000
EBP=0x18daf1b8 is pointing into the stack for thread: 0x183b4000
ESI=0x18daf204 is pointing into the stack for thread: 0x183b4000
EDI=0x1be7a040 is an unknown value


Stack: [0x18d60000,0x18db0000],  sp=0x18daf18c,  free space=316k
Native frames: (J=compiled Java code, j=interpreted, Vv=VM code, C=native code)
C  0x00eb0248
C  [gdx-box2d.dll+0x1e9ca]
C  [gdx-box2d.dll+0x257dc]
j  com.badlogic.gdx.physics.box2d.Body.jniCreateFixture(JJFFFZSSS)J+0
j  com.badlogic.gdx.physics.box2d.Body.createFixture(Lcom/badlogic/gdx/physics/box2d/FixtureDef;)Lcom/badlogic/gdx/physics/box2d/Fixture;+49
j  com.haki.loh.entities.TestEnemy.createBody()V+125
j  com.haki.loh.entities.TestEnemy.<init>(Lcom/haki/loh/gametates/GameState;)V+35
j  com.haki.loh.gametates.Play.<init>(Lcom/haki/loh/handlers/GameStateManager;)V+74
j  com.haki.loh.handlers.GameStateManager.getGameState(I)Lcom/haki/loh/gametates/GameState;+26
j  com.haki.loh.handlers.GameStateManager.pushState(I)V+6
j  com.haki.loh.handlers.GameStateManager.<init>(Lcom/haki/loh/main/Game;)V+23
j  com.haki.loh.main.Game.create()V+78
j  com.badlogic.gdx.backends.lwjgl.LwjglApplication.mainLoop()V+29
j  com.badlogic.gdx.backends.lwjgl.LwjglApplication$1.run()V+27
v  ~StubRoutines::call_stub
V  [jvm.dll+0x141eda]
V  [jvm.dll+0x2061ee]
V  [jvm.dll+0x1420a5]
V  [jvm.dll+0x142107]
V  [jvm.dll+0xed11f]
V  [jvm.dll+0x16324c]
V  [jvm.dll+0x163ca7]
V  [jvm.dll+0x1a80f9]
C  [msvcr100.dll+0x5c556]
C  [msvcr100.dll+0x5c600]
C  [KERNEL32.DLL+0x17ad]
C  [ntdll.dll+0x561bb]
C  [ntdll.dll+0x56189]

Java frames: (J=compiled Java code, j=interpreted, Vv=VM code)
j  com.badlogic.gdx.physics.box2d.Body.jniCreateFixture(JJFFFZSSS)J+0
j  com.badlogic.gdx.physics.box2d.Body.createFixture(Lcom/badlogic/gdx/physics/box2d/FixtureDef;)Lcom/badlogic/gdx/physics/box2d/Fixture;+49
j  com.haki.loh.entities.TestEnemy.createBody()V+125
j  com.haki.loh.entities.TestEnemy.<init>(Lcom/haki/loh/gametates/GameState;)V+35
j  com.haki.loh.gametates.Play.<init>(Lcom/haki/loh/handlers/GameStateManager;)V+74
j  com.haki.loh.handlers.GameStateManager.getGameState(I)Lcom/haki/loh/gametates/GameState;+26
j  com.haki.loh.handlers.GameStateManager.pushState(I)V+6
j  com.haki.loh.handlers.GameStateManager.<init>(Lcom/haki/loh/main/Game;)V+23
j  com.haki.loh.main.Game.create()V+78
j  com.badlogic.gdx.backends.lwjgl.LwjglApplication.mainLoop()V+29
j  com.badlogic.gdx.backends.lwjgl.LwjglApplication$1.run()V+27
v  ~StubRoutines::call_stub

---------------  P R O C E S S  ---------------

Java Threads: ( => current thread )
  0x01fec800 JavaThread "DestroyJavaVM" [_thread_blocked, id=5568, stack(0x01e30000,0x01e80000)]
=>0x183b4000 JavaThread "LWJGL Application" [_thread_in_native, id=7440, stack(0x18d60000,0x18db0000)]
  0x1828c400 JavaThread "Service Thread" daemon [_thread_blocked, id=7468, stack(0x18910000,0x18960000)]
  0x1828bc00 JavaThread "C1 CompilerThread0" daemon [_thread_blocked, id=7480, stack(0x188c0000,0x18910000)]
  0x18279800 JavaThread "JDWP Command Reader" daemon [_thread_in_native, id=7280, stack(0x18870000,0x188c0000)]
  0x18276400 JavaThread "JDWP Event Helper Thread" daemon [_thread_blocked, id=7216, stack(0x18820000,0x18870000)]
  0x1826ec00 JavaThread "JDWP Transport Listener: dt_socket" daemon [_thread_blocked, id=7120, stack(0x187d0000,0x18820000)]
  0x18267800 JavaThread "Attach Listener" daemon [_thread_blocked, id=6932, stack(0x184a0000,0x184f0000)]
  0x18265400 JavaThread "Signal Dispatcher" daemon [_thread_blocked, id=6936, stack(0x18450000,0x184a0000)]
  0x01f79c00 JavaThread "Finalizer" daemon [_thread_blocked, id=6848, stack(0x18200000,0x18250000)]
  0x01f74c00 JavaThread "Reference Handler" daemon [_thread_blocked, id=6592, stack(0x041a0000,0x041f0000)]

Other Threads:
  0x01f72000 VMThread [stack: 0x04150000,0x041a0000] [id=6860]
  0x1829f400 WatcherThread [stack: 0x18960000,0x189b0000] [id=7472]

VM state:not at safepoint (normal execution)

VM Mutex/Monitor currently owned by a thread: None

Heap
 def new generation   total 4928K, used 1584K [0x04200000, 0x04750000, 0x09750000)
  eden space 4416K,  24% used [0x04200000, 0x0430c098, 0x04650000)
  from space 512K, 100% used [0x046d0000, 0x04750000, 0x04750000)
  to   space 512K,   0% used [0x04650000, 0x04650000, 0x046d0000)
 tenured generation   total 10944K, used 2467K [0x09750000, 0x0a200000, 0x14200000)
   the space 10944K,  22% used [0x09750000, 0x099b8d88, 0x099b8e00, 0x0a200000)
 compacting perm gen  total 12288K, used 4714K [0x14200000, 0x14e00000, 0x18200000)
   the space 12288K,  38% used [0x14200000, 0x1469ab50, 0x1469ac00, 0x14e00000)
No shared spaces configured.

Card table byte_map: [0x04070000,0x04120000] byte_map_base: 0x0404f000

Polling page: 0x00f00000

Code Cache  [0x01ff0000, 0x020d8000, 0x03ff0000)
 total_blobs=416 nmethods=144 adapters=217 free_code_cache=31871Kb largest_free_block=32636864

Compilation events (10 events):
Event: 1.837 Thread 0x1828bc00  140             java.nio.CharBuffer::<init> (22 bytes)
Event: 1.837 Thread 0x1828bc00 nmethod 140 0x020ceb48 code [0x020cec40, 0x020ced1c]
Event: 1.838 Thread 0x1828bc00  141             java.lang.String::trim (77 bytes)
Event: 1.839 Thread 0x1828bc00 nmethod 141 0x020ced88 code [0x020cee90, 0x020cefdc]
Event: 1.857 Thread 0x1828bc00  142             java.lang.ref.Reference::access$100 (4 bytes)
Event: 1.857 Thread 0x1828bc00 nmethod 142 0x020cf108 code [0x020cf200, 0x020cf270]
Event: 1.962 Thread 0x1828bc00  143             com.badlogic.gdx.utils.Array::get (54 bytes)
Event: 1.962 Thread 0x1828bc00 nmethod 143 0x020cf2c8 code [0x020cf420, 0x020cf718]
Event: 1.962 Thread 0x1828bc00  144             com.badlogic.gdx.graphics.g2d.TextureAtlas::createSprites (68 bytes)
Event: 1.963 Thread 0x1828bc00 nmethod 144 0x020cfa08 code [0x020cfb40, 0x020cfd90]

GC Heap History (6 events):
Event: 1.040 GC heap before
{Heap before GC invocations=0 (full 0):
 def new generation   total 4928K, used 4416K [0x04200000, 0x04750000, 0x09750000)
  eden space 4416K, 100% used [0x04200000, 0x04650000, 0x04650000)
  from space 512K,   0% used [0x04650000, 0x04650000, 0x046d0000)
  to   space 512K,   0% used [0x046d0000, 0x046d0000, 0x04750000)
 tenured generation   total 10944K, used 0K [0x09750000, 0x0a200000, 0x14200000)
   the space 10944K,   0% used [0x09750000, 0x09750000, 0x09750200, 0x0a200000)
 compacting perm gen  total 12288K, used 2929K [0x14200000, 0x14e00000, 0x18200000)
   the space 12288K,  23% used [0x14200000, 0x144dc510, 0x144dc600, 0x14e00000)
No shared spaces configured.
Event: 1.047 GC heap after
Heap after GC invocations=1 (full 0):
 def new generation   total 4928K, used 512K [0x04200000, 0x04750000, 0x09750000)
  eden space 4416K,   0% used [0x04200000, 0x04200000, 0x04650000)
  from space 512K, 100% used [0x046d0000, 0x04750000, 0x04750000)
  to   space 512K,   0% used [0x04650000, 0x04650000, 0x046d0000)
 tenured generation   total 10944K, used 563K [0x09750000, 0x0a200000, 0x14200000)
   the space 10944K,   5% used [0x09750000, 0x097dcc60, 0x097dce00, 0x0a200000)
 compacting perm gen  total 12288K, used 2929K [0x14200000, 0x14e00000, 0x18200000)
   the space 12288K,  23% used [0x14200000, 0x144dc510, 0x144dc600, 0x14e00000)
No shared spaces configured.
}
Event: 1.591 GC heap before
{Heap before GC invocations=1 (full 0):
 def new generation   total 4928K, used 4928K [0x04200000, 0x04750000, 0x09750000)
  eden space 4416K, 100% used [0x04200000, 0x04650000, 0x04650000)
  from space 512K, 100% used [0x046d0000, 0x04750000, 0x04750000)
  to   space 512K,   0% used [0x04650000, 0x04650000, 0x046d0000)
 tenured generation   total 10944K, used 563K [0x09750000, 0x0a200000, 0x14200000)
   the space 10944K,   5% used [0x09750000, 0x097dcc60, 0x097dce00, 0x0a200000)
 compacting perm gen  total 12288K, used 4212K [0x14200000, 0x14e00000, 0x18200000)
   the space 12288K,  34% used [0x14200000, 0x1461d1d8, 0x1461d200, 0x14e00000)
No shared spaces configured.
Event: 1.603 GC heap after
Heap after GC invocations=2 (full 0):
 def new generation   total 4928K, used 512K [0x04200000, 0x04750000, 0x09750000)
  eden space 4416K,   0% used [0x04200000, 0x04200000, 0x04650000)
  from space 512K, 100% used [0x04650000, 0x046d0000, 0x046d0000)
  to   space 512K,   0% used [0x046d0000, 0x046d0000, 0x04750000)
 tenured generation   total 10944K, used 1805K [0x09750000, 0x0a200000, 0x14200000)
   the space 10944K,  16% used [0x09750000, 0x099134c0, 0x09913600, 0x0a200000)
 compacting perm gen  total 12288K, used 4212K [0x14200000, 0x14e00000, 0x18200000)
   the space 12288K,  34% used [0x14200000, 0x1461d1d8, 0x1461d200, 0x14e00000)
No shared spaces configured.
}
Event: 1.847 GC heap before
{Heap before GC invocations=2 (full 0):
 def new generation   total 4928K, used 4446K [0x04200000, 0x04750000, 0x09750000)
  eden space 4416K,  89% used [0x04200000, 0x045d78d0, 0x04650000)
  from space 512K, 100% used [0x04650000, 0x046d0000, 0x046d0000)
  to   space 512K,   0% used [0x046d0000, 0x046d0000, 0x04750000)
 tenured generation   total 10944K, used 1805K [0x09750000, 0x0a200000, 0x14200000)
   the space 10944K,  16% used [0x09750000, 0x099134c0, 0x09913600, 0x0a200000)
 compacting perm gen  total 12288K, used 4709K [0x14200000, 0x14e00000, 0x18200000)
   the space 12288K,  38% used [0x14200000, 0x14699420, 0x14699600, 0x14e00000)
No shared spaces configured.
Event: 1.856 GC heap after
Heap after GC invocations=3 (full 0):
 def new generation   total 4928K, used 512K [0x04200000, 0x04750000, 0x09750000)
  eden space 4416K,   0% used [0x04200000, 0x04200000, 0x04650000)
  from space 512K, 100% used [0x046d0000, 0x04750000, 0x04750000)
  to   space 512K,   0% used [0x04650000, 0x04650000, 0x046d0000)
 tenured generation   total 10944K, used 2467K [0x09750000, 0x0a200000, 0x14200000)
   the space 10944K,  22% used [0x09750000, 0x099b8d88, 0x099b8e00, 0x0a200000)
 compacting perm gen  total 12288K, used 4709K [0x14200000, 0x14e00000, 0x18200000)
   the space 12288K,  38% used [0x14200000, 0x14699420, 0x14699600, 0x14e00000)
No shared spaces configured.
}

Deoptimization events (0 events):
No events

Internal exceptions (10 events):
Event: 1.828 Thread 0x183b4000 Threw 0x04561128 at C:\re\jdk7u71\1605\hotspot\src\share\vm\prims\jvm.cpp:1281
Event: 1.830 Thread 0x183b4000 Threw 0x04567b80 at C:\re\jdk7u71\1605\hotspot\src\share\vm\prims\jvm.cpp:1281
Event: 1.831 Thread 0x183b4000 Threw 0x0456bef0 at C:\re\jdk7u71\1605\hotspot\src\share\vm\prims\jvm.cpp:1281
Event: 1.834 Thread 0x183b4000 Threw 0x0457a2d0 at C:\re\jdk7u71\1605\hotspot\src\share\vm\prims\jvm.cpp:1281
Event: 1.835 Thread 0x183b4000 Threw 0x0457efa0 at C:\re\jdk7u71\1605\hotspot\src\share\vm\prims\jvm.cpp:1281
Event: 1.839 Thread 0x183b4000 Threw 0x045aac60 at C:\re\jdk7u71\1605\hotspot\src\share\vm\prims\jvm.cpp:1281
Event: 1.841 Thread 0x183b4000 Threw 0x045af160 at C:\re\jdk7u71\1605\hotspot\src\share\vm\prims\jvm.cpp:1281
Event: 1.843 Thread 0x183b4000 Threw 0x045b7b88 at C:\re\jdk7u71\1605\hotspot\src\share\vm\prims\jvm.cpp:1281
Event: 1.963 Thread 0x183b4000 Threw 0x042e89d0 at C:\re\jdk7u71\1605\hotspot\src\share\vm\prims\jvm.cpp:1281
Event: 1.964 Thread 0x183b4000 Threw 0x042ec590 at C:\re\jdk7u71\1605\hotspot\src\share\vm\prims\jvm.cpp:1281

Events (10 events):
Event: 1.841 loading class 0x1ba7c710
Event: 1.841 loading class 0x1ba7c710 done
Event: 1.843 loading class 0x1ba7c5f8
Event: 1.843 loading class 0x1ba7c5f8 done
Event: 1.847 Executing VM operation: GenCollectForAllocation
Event: 1.856 Executing VM operation: GenCollectForAllocation done
Event: 1.963 loading class 0x1bad0778
Event: 1.963 loading class 0x1bad0778 done
Event: 1.964 loading class 0x1ba408c8
Event: 1.964 loading class 0x1ba408c8 done


Dynamic libraries:
0x00330000 - 0x0035f000 	C:\Program Files\Java\jre7\bin\javaw.exe
0x77980000 - 0x77ae9000 	C:\WINDOWS\SYSTEM32\ntdll.dll
0x75ff0000 - 0x760e9000 	C:\WINDOWS\system32\KERNEL32.DLL
0x75460000 - 0x75532000 	C:\WINDOWS\system32\KERNELBASE.dll
0x741c0000 - 0x74259000 	C:\WINDOWS\system32\apphelp.dll
0x5a740000 - 0x5a999000 	C:\WINDOWS\AppPatch\AcGenral.DLL
0x75e80000 - 0x75f3e000 	C:\WINDOWS\system32\msvcrt.dll
0x778e0000 - 0x7791e000 	C:\WINDOWS\SYSTEM32\sechost.dll
0x75220000 - 0x75242000 	C:\WINDOWS\SYSTEM32\SspiCli.dll
0x77930000 - 0x77971000 	C:\WINDOWS\system32\SHLWAPI.dll
0x74430000 - 0x74511000 	C:\WINDOWS\SYSTEM32\UxTheme.dll
0x76500000 - 0x7664b000 	C:\WINDOWS\system32\USER32.dll
0x75a80000 - 0x75b89000 	C:\WINDOWS\system32\GDI32.dll
0x6c8a0000 - 0x6c8c0000 	C:\WINDOWS\SYSTEM32\WINMM.dll
0x6f540000 - 0x6f552000 	C:\WINDOWS\SYSTEM32\samcli.dll
0x75820000 - 0x7592c000 	C:\WINDOWS\system32\ole32.dll
0x77840000 - 0x778d5000 	C:\WINDOWS\system32\OLEAUT32.dll
0x59ab0000 - 0x59ac5000 	C:\WINDOWS\SYSTEM32\MSACM32.dll
0x6ee80000 - 0x6ee88000 	C:\WINDOWS\SYSTEM32\VERSION.dll
0x76670000 - 0x77827000 	C:\WINDOWS\system32\SHELL32.dll
0x74bb0000 - 0x74bc9000 	C:\WINDOWS\SYSTEM32\USERENV.dll
0x73990000 - 0x739a8000 	C:\WINDOWS\SYSTEM32\dwmapi.dll
0x6fc10000 - 0x6fd5a000 	C:\WINDOWS\SYSTEM32\urlmon.dll
0x757a0000 - 0x75818000 	C:\WINDOWS\system32\ADVAPI32.dll
0x6ee20000 - 0x6ee7e000 	C:\WINDOWS\SYSTEM32\WINSPOOL.DRV
0x67270000 - 0x67284000 	C:\WINDOWS\SYSTEM32\MPR.dll
0x760f0000 - 0x761b4000 	C:\WINDOWS\system32\RPCRT4.dll
0x75930000 - 0x75a7e000 	C:\WINDOWS\SYSTEM32\combase.dll
0x6c880000 - 0x6c8a0000 	C:\WINDOWS\SYSTEM32\WINMMBASE.dll
0x753a0000 - 0x753ae000 	C:\WINDOWS\SYSTEM32\profapi.dll
0x6f9d0000 - 0x6fc02000 	C:\WINDOWS\SYSTEM32\iertutil.dll
0x6f7f0000 - 0x6f9c5000 	C:\WINDOWS\SYSTEM32\WININET.dll
0x75420000 - 0x7545a000 	C:\WINDOWS\SYSTEM32\cfgmgr32.dll
0x74560000 - 0x7457f000 	C:\WINDOWS\SYSTEM32\DEVOBJ.dll
0x76480000 - 0x764f6000 	C:\WINDOWS\system32\SHCORE.DLL
0x75e50000 - 0x75e75000 	C:\WINDOWS\system32\IMM32.DLL
0x75b90000 - 0x75c87000 	C:\WINDOWS\system32\MSCTF.dll
0x72800000 - 0x729e6000 	C:\WINDOWS\WinSxS\x86_microsoft.windows.common-controls_6595b64144ccf1df_6.0.9600.17031_none_a9efdb8b01377ea7\COMCTL32.dll
0x6d210000 - 0x6d2cf000 	C:\Program Files\Java\jre7\bin\msvcr100.dll
0x557d0000 - 0x55b59000 	C:\Program Files\Java\jre7\bin\client\jvm.dll
0x71a60000 - 0x71a68000 	C:\WINDOWS\SYSTEM32\WSOCK32.dll
0x77920000 - 0x77926000 	C:\WINDOWS\system32\PSAPI.DLL
0x75f40000 - 0x75f8d000 	C:\WINDOWS\system32\WS2_32.dll
0x77830000 - 0x77837000 	C:\WINDOWS\system32\NSI.dll
0x6f6b0000 - 0x6f6bc000 	C:\Program Files\Java\jre7\bin\verify.dll
0x6d950000 - 0x6d970000 	C:\Program Files\Java\jre7\bin\java.dll
0x6e4a0000 - 0x6e4ca000 	C:\Program Files\Java\jre7\bin\jdwp.dll
0x72a60000 - 0x72a67000 	C:\Program Files\Java\jre7\bin\npt.dll
0x6cf00000 - 0x6cf13000 	C:\Program Files\Java\jre7\bin\zip.dll
0x71930000 - 0x71938000 	C:\Program Files\Java\jre7\bin\dt_socket.dll
0x71140000 - 0x71150000 	C:\WINDOWS\system32\napinsp.dll
0x6f6e0000 - 0x6f6f4000 	C:\WINDOWS\system32\pnrpnsp.dll
0x74030000 - 0x74044000 	C:\WINDOWS\system32\NLAapi.dll
0x74d90000 - 0x74dd5000 	C:\WINDOWS\System32\mswsock.dll
0x74c00000 - 0x74c7c000 	C:\WINDOWS\SYSTEM32\DNSAPI.dll
0x71150000 - 0x71159000 	C:\WINDOWS\System32\winrnr.dll
0x71170000 - 0x7117f000 	C:\WINDOWS\system32\wshbth.dll
0x70590000 - 0x705d4000 	C:\WINDOWS\System32\fwpuclnt.dll
0x6e500000 - 0x6e507000 	C:\Windows\System32\rasadhlp.dll
0x189b0000 - 0x18a23000 	C:\Users\Andre Vicencio M\AppData\Local\Temp\libgdxAndre Vicencio M\cd583e81\gdx.dll
0x74de0000 - 0x74df8000 	C:\WINDOWS\SYSTEM32\CRYPTSP.dll
0x74a70000 - 0x74a9f000 	C:\WINDOWS\system32\rsaenh.dll
0x74fc0000 - 0x74fdf000 	C:\WINDOWS\SYSTEM32\bcrypt.dll
0x75250000 - 0x752a2000 	C:\WINDOWS\system32\bcryptprimitives.dll
0x752b0000 - 0x752b9000 	C:\WINDOWS\SYSTEM32\CRYPTBASE.dll
0x6ba20000 - 0x6ba34000 	C:\Program Files\Java\jre7\bin\net.dll
0x70f00000 - 0x70f1e000 	C:\WINDOWS\SYSTEM32\IPHLPAPI.DLL
0x70fd0000 - 0x70fd8000 	C:\WINDOWS\SYSTEM32\WINNSI.DLL
0x70320000 - 0x70332000 	C:\WINDOWS\SYSTEM32\dhcpcsvc6.DLL
0x70670000 - 0x70683000 	C:\WINDOWS\SYSTEM32\dhcpcsvc.DLL
0x6d940000 - 0x6d94f000 	C:\Program Files\Java\jre7\bin\nio.dll
0x18a30000 - 0x18a7f000 	C:\Users\Andre Vicencio M\AppData\Local\Temp\libgdxAndre Vicencio M\68069333\lwjgl.dll
0x59f00000 - 0x59fd4000 	C:\WINDOWS\SYSTEM32\OPENGL32.dll
0x59ed0000 - 0x59ef4000 	C:\WINDOWS\SYSTEM32\GLU32.dll
0x59de0000 - 0x59ec7000 	C:\WINDOWS\SYSTEM32\DDRAW.dll
0x59dd0000 - 0x59dd7000 	C:\WINDOWS\SYSTEM32\DCIMAN32.dll
0x18a80000 - 0x18ae5000 	C:\Users\ANDREV~1\AppData\Local\Temp\libgdxAndre Vicencio M\68069333\OpenAL32.dll
0x74590000 - 0x74599000 	C:\WINDOWS\SYSTEM32\kernel.appcore.dll
0x65500000 - 0x6556b000 	C:\Program Files\Common Files\microsoft shared\ink\tiptsf.dll
0x76400000 - 0x7647d000 	C:\WINDOWS\SYSTEM32\clbcatq.dll
0x60890000 - 0x60909000 	C:\WINDOWS\SYSTEM32\dsound.dll
0x75350000 - 0x7538e000 	C:\WINDOWS\SYSTEM32\POWRPROF.dll
0x73480000 - 0x734ca000 	C:\WINDOWS\System32\MMDevApi.dll
0x72df0000 - 0x72e50000 	C:\WINDOWS\SYSTEM32\AUDIOSES.DLL
0x729f0000 - 0x72a38000 	C:\WINDOWS\SYSTEM32\oleacc.dll
0x19050000 - 0x19641000 	C:\WINDOWS\SYSTEM32\ig7icd32.dll
0x72f60000 - 0x732c6000 	C:\WINDOWS\SYSTEM32\igdusc32.dll
0x52a90000 - 0x52b07000 	C:\WINDOWS\SYSTEM32\mscms.dll
0x5e110000 - 0x5e14b000 	C:\WINDOWS\SYSTEM32\icm32.dll
0x6e640000 - 0x6e6d2000 	C:\Users\Andre Vicencio M\AppData\Local\Temp\libgdxAndre Vicencio M\5f476b52\gdx-box2d.dll
0x732d0000 - 0x73418000 	C:\WINDOWS\SYSTEM32\dbghelp.dll

VM Arguments:
jvm_args: -agentlib:jdwp=transport=dt_socket,suspend=y,address=localhost:52024 -Dfile.encoding=Cp1252 
java_command: com.me.mygdxgame.Main
Launcher Type: SUN_STANDARD

Environment Variables:
PATH=C:/Program Files/Java/jre7/bin/client;C:/Program Files/Java/jre7/bin;C:/Program Files/Java/jre7/lib/i386;C:\Program Files\Intel\TXE Components\TCS\;C:\WINDOWS\system32;C:\WINDOWS;C:\WINDOWS\System32\Wbem;C:\WINDOWS\System32\WindowsPowerShell\v1.0\;C:\Program Files\Intel\TXE Components\DAL\;C:\Program Files\Intel\TXE Components\IPT\;C:\Program Files\eclipse;
USERNAME=Andre Vicencio M
OS=Windows_NT
PROCESSOR_IDENTIFIER=x86 Family 6 Model 55 Stepping 3, GenuineIntel



---------------  S Y S T E M  ---------------

OS: Windows 8.1 Build 9600 

CPU:total 4 (4 cores per cpu, 1 threads per core) family 6 model 55 stepping 3, cmov, cx8, fxsr, mmx, sse, sse2, sse3, ssse3, sse4.1, sse4.2, popcnt, aes, erms, tsc, tscinvbit

Memory: 4k page, physical 1994544k(443488k free), swap 3305264k(938948k free)

vm_info: Java HotSpot(TM) Client VM (24.71-b01) for windows-x86 JRE (1.7.0_71-b14), built on Sep 26 2014 16:30:49 by "java_re" with unknown MS VC++:1600

time: Wed Mar 04 08:03:17 2015
elapsed time: 2 seconds

